生成启动时间为 2019/4/28 11:49:46。
     1>项目“D:\代码1\代码\Project 4.272\Project1\Project1.vcxproj”在节点 2 上(Build 个目标)。
     1>ClCompile:
         D:\VS2013\VS 2013旗舰版\VC\bin\CL.exe /c /ZI /nologo /W3 /WX- /sdl /Od /Oy- /D _MBCS /D _MBCS /D _CRT_SECURE_NO_DEPRECATE /Gm /EHsc /RTC1 /MDd /GS /fp:precise /Zc:wchar_t /Zc:forScope /Fo"Debug\\" /Fd"Debug\vc120.pdb" /Gd /TC /analyze- /errorReport:prompt test_4.273.c
         test_4.273.c
       Link:
         D:\VS2013\VS 2013旗舰版\VC\bin\link.exe /ERRORREPORT:PROMPT /OUT:"D:\代码1\代码\Project 4.272\Debug\Project 4.272.exe" /INCREMENTAL /NOLOGO kernel32.lib user32.lib gdi32.lib winspool.lib comdlg32.lib advapi32.lib shell32.lib ole32.lib oleaut32.lib uuid.lib odbc32.lib odbccp32.lib /MANIFEST /MANIFESTUAC:"level='asInvoker' uiAccess='false'" /manifest:embed /DEBUG /PDB:"D:\代码1\代码\Project 4.272\Debug\Project 4.272.pdb" /TLBID:1 /DYNAMICBASE /NXCOMPAT /IMPLIB:"D:\代码1\代码\Project 4.272\Debug\Project 4.272.lib" /MACHINE:X86 Debug\test_4.272.obj
         Debug\test_4.273.obj
     1>test_4.273.obj : error LNK2005: _main 已经在 test_4.272.obj 中定义
     1>D:\代码1\代码\Project 4.272\Debug\Project 4.272.exe : fatal error LNK1169: 找到一个或多个多重定义的符号
     1>已完成生成项目“D:\代码1\代码\Project 4.272\Project1\Project1.vcxproj”(Build 个目标)的操作 - 失败。

生成失败。

已用时间 00:00:00.45
